DEBUG: Connect to DB
DEBUG: Incoming request: Request {requestMethod = "GET", httpVersion = HTTP/1.1, rawPathInfo = "/updateAuthor", rawQueryString = "?author_id=152&author_info=lily&user_id=59&admin_id=5&password=y7ldAT", requestHeaders = [("User-Agent","PostmanRuntime/7.26.8"),("Accept","*/*"),("Postman-Token","64d1de68-cd39-4133-b2ad-de1e90442a26"),("Host","localhost:3000"),("Accept-Encoding","gzip, deflate, br"),("Connection","keep-alive"),("Content-Type","multipart/form-data; boundary=--------------------------332310986671421044233934"),("Content-Length","170")], isSecure = False, remoteHost = 127.0.0.1:45538, pathInfo = ["updateAuthor"], queryString = [("author_id",Just "152"),("author_info",Just "lily"),("user_id",Just "59"),("admin_id",Just "5"),("password",Just "y7ldAT")], requestBody = <IO ByteString>, vault = <Vault>, requestBodyLength = KnownLength 170, requestHeaderHost = Just "localhost:3000", requestHeaderRange = Nothing}
INFO: Update author command
INFO: All authorize parameters parsed
DEBUG: Checking existence entity (user_id) in the DB
INFO: Entity (user_id) exist
DEBUG: Select data from DB. Table: users
INFO: Data received from DB
DEBUG: Checking existence entity (user_id) in the DB
INFO: Entity (user_id) exist
DEBUG: Checking existence entity (author_id) in the DB
INFO: Entity (author_id) exist
DEBUG: Output response: "{\"author_id\":152,\"user_id\":59,\"author_info\":\"lily\"}"
DEBUG: Connect to DB
DEBUG: Incoming request: Request {requestMethod = "GET", httpVersion = HTTP/1.1, rawPathInfo = "/updateAuthor", rawQueryString = "?author_id=152&author_info=Very%20funny&user_id=59&admin_id=5&password=y7ldAT", requestHeaders = [("User-Agent","PostmanRuntime/7.26.8"),("Accept","*/*"),("Postman-Token","6035c84c-d440-4b89-99e8-e71178efac1b"),("Host","localhost:3000"),("Accept-Encoding","gzip, deflate, br"),("Connection","keep-alive"),("Content-Type","multipart/form-data; boundary=--------------------------061102027924348989729048"),("Content-Length","170")], isSecure = False, remoteHost = 127.0.0.1:45538, pathInfo = ["updateAuthor"], queryString = [("author_id",Just "152"),("author_info",Just "Very funny"),("user_id",Just "59"),("admin_id",Just "5"),("password",Just "y7ldAT")], requestBody = <IO ByteString>, vault = <Vault>, requestBodyLength = KnownLength 170, requestHeaderHost = Just "localhost:3000", requestHeaderRange = Nothing}
INFO: Update author command
INFO: All authorize parameters parsed
DEBUG: Checking existence entity (user_id) in the DB
INFO: Entity (user_id) exist
DEBUG: Select data from DB. Table: users
INFO: Data received from DB
DEBUG: Checking existence entity (user_id) in the DB
INFO: Entity (user_id) exist
DEBUG: Checking existence entity (author_id) in the DB
INFO: Entity (author_id) exist
DEBUG: Select data from DB. Table: authors
INFO: Data received from DB
DEBUG: Output response: "{\"author_id\":152,\"user_id\":59,\"author_info\":\"Very funny\"}"
