DEBUG: Connect to DB
DEBUG: Incoming request: Request {requestMethod = "POST", httpVersion = HTTP/1.1, rawPathInfo = "/createNewDraft", rawQueryString = "", requestHeaders = [("Content-Type","application/json"),("User-Agent","PostmanRuntime/7.26.8"),("Accept","*/*"),("Postman-Token","e09d437b-44a5-402e-a10d-e9c26597ad03"),("Host","localhost:3000"),("Accept-Encoding","gzip, deflate, br"),("Connection","keep-alive"),("Content-Length","741")], isSecure = False, remoteHost = 127.0.0.1:47994, pathInfo = ["createNewDraft"], queryString = [], requestBody = <IO ByteString>, vault = <Vault>, requestBodyLength = KnownLength 741, requestHeaderHost = Just "localhost:3000", requestHeaderRange = Nothing}
INFO: Create new draft command
DEBUG: Checking existence entity (user_id) in the DB
INFO: Entity (user_id) exist
DEBUG: Select data from DB. Table: users
INFO: Data received from DB
DEBUG: Checking existence entity (category_id) in the DB
INFO: Entity (category_id) exist
DEBUG: Checking existence entity (tag_id) in the DB
INFO: Entity (tag_id) exist
DEBUG: Checking existence entity (tag_id) in the DB
INFO: Entity (tag_id) exist
DEBUG: Checking existence entity (tag_id) in the DB
INFO: Entity (tag_id) exist
DEBUG: Checking in DB is user author
DEBUG: Select data from DB. Table: authors
INFO: Data received from DB
INFO: Data received from DB
INFO: Data received from DB
INFO: Data received from DB
INFO: Data received from DB
INFO: Data received from DB
INFO: Data received from DB
INFO: Data received from DB
DEBUG: Select data from DB. Table: tags
INFO: Data received from DB
DEBUG: Select data from DB. Table: categories
INFO: Data received from DB
DEBUG: Output response: "{\"draft_id\":152,\"post_id\":\"NULL\",\"author\":{\"author_id\":5,\"author_info\":\"Proin at turpis a pede posuere nonummy.\",\"user_id\":5},\"draft_name\":\"rock\",\"draft_category\":{\"category_id\":3,\"category_name\":\"quisque\",\"super_category\":\"NULL\"},\"draft_text\":\"heyhey\",\"draft_main_pic_id\":569,\"draft_main_pic_url\":\"http://localhost:3000/picture/569\",\"draft_pics\":[{\"pic_id\":570,\"pic_url\":\"http://localhost:3000/picture/570\"},{\"pic_id\":571,\"pic_url\":\"http://localhost:3000/picture/571\"},{\"pic_id\":572,\"pic_url\":\"http://localhost:3000/picture/572\"},{\"pic_id\":573,\"pic_url\":\"http://localhost:3000/picture/573\"},{\"pic_id\":574,\"pic_url\":\"http://localhost:3000/picture/574\"}],\"draft_tags\":[{\"tag_id\":1,\"tag_name\":\"interdum\"},{\"tag_id\":2,\"tag_name\":\"imperdiet\"},{\"tag_id\":3,\"tag_name\":\"nunc\"}]}"
DEBUG: Connect to DB
DEBUG: Incoming request: Request {requestMethod = "POST", httpVersion = HTTP/1.1, rawPathInfo = "/createNewDraft", rawQueryString = "", requestHeaders = [("Content-Type","application/json"),("User-Agent","PostmanRuntime/7.26.8"),("Accept","*/*"),("Postman-Token","770a5ed2-7668-4bf4-a452-479813179c14"),("Host","localhost:3000"),("Accept-Encoding","gzip, deflate, br"),("Connection","keep-alive"),("Content-Length","741")], isSecure = False, remoteHost = 127.0.0.1:47994, pathInfo = ["createNewDraft"], queryString = [], requestBody = <IO ByteString>, vault = <Vault>, requestBodyLength = KnownLength 741, requestHeaderHost = Just "localhost:3000", requestHeaderRange = Nothing}
INFO: Create new draft command
DEBUG: Checking existence entity (user_id) in the DB
INFO: Entity (user_id) exist
DEBUG: Select data from DB. Table: users
INFO: Data received from DB
DEBUG: Checking existence entity (category_id) in the DB
INFO: Entity (category_id) exist
DEBUG: Checking existence entity (tag_id) in the DB
INFO: Entity (tag_id) exist
DEBUG: Checking existence entity (tag_id) in the DB
INFO: Entity (tag_id) exist
DEBUG: Checking existence entity (tag_id) in the DB
INFO: Entity (tag_id) exist
DEBUG: Checking in DB is user author
DEBUG: Select data from DB. Table: authors
INFO: Data received from DB
INFO: Data received from DB
INFO: Data received from DB
INFO: Data received from DB
INFO: Data received from DB
INFO: Data received from DB
INFO: Data received from DB
INFO: Data received from DB
DEBUG: Select data from DB. Table: tags
INFO: Data received from DB
DEBUG: Select data from DB. Table: categories
INFO: Data received from DB
DEBUG: Output response: "{\"draft_id\":153,\"post_id\":\"NULL\",\"author\":{\"author_id\":5,\"author_info\":\"Proin at turpis a pede posuere nonummy.\",\"user_id\":5},\"draft_name\":\"rock\",\"draft_category\":{\"category_id\":3,\"category_name\":\"quisque\",\"super_category\":\"NULL\"},\"draft_text\":\"heyhey\",\"draft_main_pic_id\":575,\"draft_main_pic_url\":\"http://localhost:3000/picture/575\",\"draft_pics\":[{\"pic_id\":576,\"pic_url\":\"http://localhost:3000/picture/576\"},{\"pic_id\":577,\"pic_url\":\"http://localhost:3000/picture/577\"},{\"pic_id\":578,\"pic_url\":\"http://localhost:3000/picture/578\"},{\"pic_id\":579,\"pic_url\":\"http://localhost:3000/picture/579\"},{\"pic_id\":580,\"pic_url\":\"http://localhost:3000/picture/580\"}],\"draft_tags\":[{\"tag_id\":1,\"tag_name\":\"interdum\"},{\"tag_id\":2,\"tag_name\":\"imperdiet\"},{\"tag_id\":3,\"tag_name\":\"nunc\"}]}"
DEBUG: Connect to DB
DEBUG: Incoming request: Request {requestMethod = "POST", httpVersion = HTTP/1.1, rawPathInfo = "/updateDraft/152", rawQueryString = "", requestHeaders = [("Content-Type","application/json"),("User-Agent","PostmanRuntime/7.26.8"),("Accept","*/*"),("Postman-Token","0a14279e-a749-46c8-ac6e-c35df378b288"),("Host","localhost:3000"),("Accept-Encoding","gzip, deflate, br"),("Connection","keep-alive"),("Content-Length","741")], isSecure = False, remoteHost = 127.0.0.1:47994, pathInfo = ["updateDraft","152"], queryString = [], requestBody = <IO ByteString>, vault = <Vault>, requestBodyLength = KnownLength 741, requestHeaderHost = Just "localhost:3000", requestHeaderRange = Nothing}
INFO: Update draft command
DEBUG: Checking existence entity (user_id) in the DB
INFO: Entity (user_id) exist
DEBUG: Select data from DB. Table: users
INFO: Data received from DB
DEBUG: Checking existence entity (draft_id) in the DB
INFO: Entity (draft_id) exist
DEBUG: Checking existence entity (category_id) in the DB
INFO: Entity (category_id) exist
DEBUG: Checking existence entity (tag_id) in the DB
INFO: Entity (tag_id) exist
DEBUG: Checking existence entity (tag_id) in the DB
INFO: Entity (tag_id) exist
DEBUG: Checking existence entity (tag_id) in the DB
INFO: Entity (tag_id) exist
DEBUG: Checking in DB is user author
DEBUG: Select data from DB. Table: authors
INFO: Data received from DB
DEBUG: Select data from DB. Table: drafts
INFO: Data received from DB
INFO: Data received from DB
INFO: Data received from DB
INFO: Data received from DB
INFO: Data received from DB
INFO: Data received from DB
INFO: Data received from DB
DEBUG: Select data from DB. Table: tags
INFO: Data received from DB
DEBUG: Select data from DB. Table: categories
INFO: Data received from DB
DEBUG: Output response: "{\"draft_id\":152,\"post_id\":\"NULL\",\"author\":{\"author_id\":5,\"author_info\":\"Proin at turpis a pede posuere nonummy.\",\"user_id\":5},\"draft_name\":\"rock\",\"draft_category\":{\"category_id\":3,\"category_name\":\"quisque\",\"super_category\":\"NULL\"},\"draft_text\":\"heyhey\",\"draft_main_pic_id\":581,\"draft_main_pic_url\":\"http://localhost:3000/picture/581\",\"draft_pics\":[{\"pic_id\":582,\"pic_url\":\"http://localhost:3000/picture/582\"},{\"pic_id\":583,\"pic_url\":\"http://localhost:3000/picture/583\"},{\"pic_id\":584,\"pic_url\":\"http://localhost:3000/picture/584\"},{\"pic_id\":585,\"pic_url\":\"http://localhost:3000/picture/585\"},{\"pic_id\":586,\"pic_url\":\"http://localhost:3000/picture/586\"}],\"draft_tags\":[{\"tag_id\":1,\"tag_name\":\"interdum\"},{\"tag_id\":2,\"tag_name\":\"imperdiet\"},{\"tag_id\":3,\"tag_name\":\"nunc\"}]}"
