DEBUG: Connect to DB
DEBUG: Incoming request: Request {requestMethod = "POST", httpVersion = HTTP/1.1, rawPathInfo = "/createDraft", rawQueryString = "", requestHeaders = [("Content-Type","application/json"),("User-Agent","PostmanRuntime/7.26.8"),("Accept","*/*"),("Postman-Token","b3f1b03b-9750-4574-9e24-5fb08956dd72"),("Host","localhost:3000"),("Accept-Encoding","gzip, deflate, br"),("Connection","keep-alive"),("Content-Length","745")], isSecure = False, remoteHost = 127.0.0.1:46904, pathInfo = ["createDraft"], queryString = [], requestBody = <IO ByteString>, vault = <Vault>, requestBodyLength = KnownLength 745, requestHeaderHost = Just "localhost:3000", requestHeaderRange = Nothing}
DEBUG: Connect to DB
DEBUG: Incoming request: Request {requestMethod = "POST", httpVersion = HTTP/1.1, rawPathInfo = "/createNewDraft", rawQueryString = "", requestHeaders = [("Content-Type","application/json"),("User-Agent","PostmanRuntime/7.26.8"),("Accept","*/*"),("Postman-Token","f7dd42b9-4ed2-487f-8c31-2ee0896dc241"),("Host","localhost:3000"),("Accept-Encoding","gzip, deflate, br"),("Connection","keep-alive"),("Content-Length","745")], isSecure = False, remoteHost = 127.0.0.1:46904, pathInfo = ["createNewDraft"], queryString = [], requestBody = <IO ByteString>, vault = <Vault>, requestBodyLength = KnownLength 745, requestHeaderHost = Just "localhost:3000", requestHeaderRange = Nothing}
INFO: Create new draft command
DEBUG: Checking existence entity (user_id) in the DB
INFO: Entity (user_id) exist
DEBUG: Select data from DB. Table: users
INFO: Data received from DB
DEBUG: Checking existence entity (category_id) in the DB
INFO: Entity (category_id) exist
DEBUG: Checking existence entity (tag_id) in the DB
INFO: Entity (tag_id) exist
DEBUG: Checking existence entity (tag_id) in the DB
INFO: Entity (tag_id) exist
DEBUG: Checking existence entity (tag_id) in the DB
INFO: Entity (tag_id) exist
DEBUG: Checking in DB is user author
DEBUG: Select data from DB. Table: authors
DEBUG: Connect to DB
DEBUG: Incoming request: Request {requestMethod = "POST", httpVersion = HTTP/1.1, rawPathInfo = "/createNewDraft", rawQueryString = "", requestHeaders = [("Content-Type","application/json"),("User-Agent","PostmanRuntime/7.26.8"),("Accept","*/*"),("Postman-Token","2e926fc3-e84e-4d23-86b4-7fe3231366e4"),("Host","localhost:3000"),("Accept-Encoding","gzip, deflate, br"),("Connection","keep-alive"),("Content-Length","742")], isSecure = False, remoteHost = 127.0.0.1:46932, pathInfo = ["createNewDraft"], queryString = [], requestBody = <IO ByteString>, vault = <Vault>, requestBodyLength = KnownLength 742, requestHeaderHost = Just "localhost:3000", requestHeaderRange = Nothing}
INFO: Create new draft command
DEBUG: Checking existence entity (user_id) in the DB
INFO: Entity (user_id) exist
DEBUG: Select data from DB. Table: users
INFO: Data received from DB
DEBUG: Checking existence entity (category_id) in the DB
INFO: Entity (category_id) exist
DEBUG: Checking existence entity (tag_id) in the DB
INFO: Entity (tag_id) exist
DEBUG: Checking existence entity (tag_id) in the DB
INFO: Entity (tag_id) exist
DEBUG: Checking existence entity (tag_id) in the DB
INFO: Entity (tag_id) exist
DEBUG: Checking in DB is user author
DEBUG: Select data from DB. Table: authors
