DEBUG: Connect to DB
DEBUG: Incoming request: Request {requestMethod = "GET", httpVersion = HTTP/1.1, rawPathInfo = "/updateAuthor", rawQueryString = "?user_id=56&author_id=152&author_info=tommy&user_id=57&admin_id=5&password=y7ldAT", requestHeaders = [("User-Agent","PostmanRuntime/7.26.8"),("Accept","*/*"),("Postman-Token","5e56b667-a7ed-4bba-b1d2-f0625e8ba378"),("Host","localhost:3000"),("Accept-Encoding","gzip, deflate, br"),("Connection","keep-alive"),("Content-Type","multipart/form-data; boundary=--------------------------491728875317491355962192"),("Content-Length","170")], isSecure = False, remoteHost = 127.0.0.1:45482, pathInfo = ["updateAuthor"], queryString = [("user_id",Just "56"),("author_id",Just "152"),("author_info",Just "tommy"),("user_id",Just "57"),("admin_id",Just "5"),("password",Just "y7ldAT")], requestBody = <IO ByteString>, vault = <Vault>, requestBodyLength = KnownLength 170, requestHeaderHost = Just "localhost:3000", requestHeaderRange = Nothing}
INFO: Update author command
INFO: All authorize parameters parsed
DEBUG: Checking existence entity (user_id) in the DB
INFO: Entity (user_id) exist
DEBUG: Select data from DB. Table: users
INFO: Data received from DB
DEBUG: Checking existence entity (user_id) in the DB
INFO: Entity (user_id) exist
DEBUG: Checking existence entity (author_id) in the DB
INFO: Entity (author_id) exist
DEBUG: Output response: "{\"author_id\":152,\"user_id\":56,\"author_info\":\"tommy\"}"
DEBUG: Connect to DB
DEBUG: Incoming request: Request {requestMethod = "GET", httpVersion = HTTP/1.1, rawPathInfo = "/updateAuthor", rawQueryString = "?user_id=56&author_id=152&author_info=tommy&user_id=57&admin_id=5&password=y7ldAT", requestHeaders = [("User-Agent","PostmanRuntime/7.26.8"),("Accept","*/*"),("Postman-Token","7a4ef2e6-3bbc-49bd-abc1-255a48f711ce"),("Host","localhost:3000"),("Accept-Encoding","gzip, deflate, br"),("Connection","keep-alive"),("Content-Type","multipart/form-data; boundary=--------------------------164197128578752425513398"),("Content-Length","170")], isSecure = False, remoteHost = 127.0.0.1:45482, pathInfo = ["updateAuthor"], queryString = [("user_id",Just "56"),("author_id",Just "152"),("author_info",Just "tommy"),("user_id",Just "57"),("admin_id",Just "5"),("password",Just "y7ldAT")], requestBody = <IO ByteString>, vault = <Vault>, requestBodyLength = KnownLength 170, requestHeaderHost = Just "localhost:3000", requestHeaderRange = Nothing}
INFO: Update author command
INFO: All authorize parameters parsed
DEBUG: Checking existence entity (user_id) in the DB
INFO: Entity (user_id) exist
DEBUG: Select data from DB. Table: users
INFO: Data received from DB
DEBUG: Checking existence entity (user_id) in the DB
INFO: Entity (user_id) exist
DEBUG: Checking existence entity (author_id) in the DB
INFO: Entity (author_id) exist
DEBUG: Output response: "{\"author_id\":152,\"user_id\":56,\"author_info\":\"tommy\"}"
DEBUG: Connect to DB
DEBUG: Incoming request: Request {requestMethod = "GET", httpVersion = HTTP/1.1, rawPathInfo = "/updateAuthor", rawQueryString = "?user_id=56&author_id=152&author_info=tommy&user_id=59&admin_id=5&password=y7ldAT", requestHeaders = [("User-Agent","PostmanRuntime/7.26.8"),("Accept","*/*"),("Postman-Token","3942de41-7edf-4986-917d-dd38098fffc1"),("Host","localhost:3000"),("Accept-Encoding","gzip, deflate, br"),("Connection","keep-alive"),("Content-Type","multipart/form-data; boundary=--------------------------400795396833443884303519"),("Content-Length","170")], isSecure = False, remoteHost = 127.0.0.1:45482, pathInfo = ["updateAuthor"], queryString = [("user_id",Just "56"),("author_id",Just "152"),("author_info",Just "tommy"),("user_id",Just "59"),("admin_id",Just "5"),("password",Just "y7ldAT")], requestBody = <IO ByteString>, vault = <Vault>, requestBodyLength = KnownLength 170, requestHeaderHost = Just "localhost:3000", requestHeaderRange = Nothing}
INFO: Update author command
INFO: All authorize parameters parsed
DEBUG: Checking existence entity (user_id) in the DB
INFO: Entity (user_id) exist
DEBUG: Select data from DB. Table: users
INFO: Data received from DB
DEBUG: Checking existence entity (user_id) in the DB
INFO: Entity (user_id) exist
DEBUG: Checking existence entity (author_id) in the DB
INFO: Entity (author_id) exist
DEBUG: Output response: "{\"author_id\":152,\"user_id\":56,\"author_info\":\"tommy\"}"
DEBUG: Connect to DB
DEBUG: Incoming request: Request {requestMethod = "GET", httpVersion = HTTP/1.1, rawPathInfo = "/updateAuthor", rawQueryString = "?user_id=56&author_id=152&author_info=lily&user_id=59&admin_id=5&password=y7ldAT", requestHeaders = [("User-Agent","PostmanRuntime/7.26.8"),("Accept","*/*"),("Postman-Token","32899dfc-b9cb-4e6c-b39e-e9608e2bce5d"),("Host","localhost:3000"),("Accept-Encoding","gzip, deflate, br"),("Connection","keep-alive"),("Content-Type","multipart/form-data; boundary=--------------------------679840113228552663863775"),("Content-Length","170")], isSecure = False, remoteHost = 127.0.0.1:45482, pathInfo = ["updateAuthor"], queryString = [("user_id",Just "56"),("author_id",Just "152"),("author_info",Just "lily"),("user_id",Just "59"),("admin_id",Just "5"),("password",Just "y7ldAT")], requestBody = <IO ByteString>, vault = <Vault>, requestBodyLength = KnownLength 170, requestHeaderHost = Just "localhost:3000", requestHeaderRange = Nothing}
INFO: Update author command
INFO: All authorize parameters parsed
DEBUG: Checking existence entity (user_id) in the DB
INFO: Entity (user_id) exist
DEBUG: Select data from DB. Table: users
INFO: Data received from DB
DEBUG: Checking existence entity (user_id) in the DB
INFO: Entity (user_id) exist
DEBUG: Checking existence entity (author_id) in the DB
INFO: Entity (author_id) exist
DEBUG: Output response: "{\"author_id\":152,\"user_id\":56,\"author_info\":\"lily\"}"
DEBUG: Connect to DB
DEBUG: Incoming request: Request {requestMethod = "GET", httpVersion = HTTP/1.1, rawPathInfo = "/updateAuthor", rawQueryString = "?author_id=152&author_info=lily&user_id=59&admin_id=5&password=y7ldAT", requestHeaders = [("User-Agent","PostmanRuntime/7.26.8"),("Accept","*/*"),("Postman-Token","d4c2c90b-dcf6-4813-81c9-bd59431099e8"),("Host","localhost:3000"),("Accept-Encoding","gzip, deflate, br"),("Connection","keep-alive"),("Content-Type","multipart/form-data; boundary=--------------------------293524003776518108548041"),("Content-Length","170")], isSecure = False, remoteHost = 127.0.0.1:45500, pathInfo = ["updateAuthor"], queryString = [("author_id",Just "152"),("author_info",Just "lily"),("user_id",Just "59"),("admin_id",Just "5"),("password",Just "y7ldAT")], requestBody = <IO ByteString>, vault = <Vault>, requestBodyLength = KnownLength 170, requestHeaderHost = Just "localhost:3000", requestHeaderRange = Nothing}
INFO: Update author command
INFO: All authorize parameters parsed
DEBUG: Checking existence entity (user_id) in the DB
INFO: Entity (user_id) exist
DEBUG: Select data from DB. Table: users
INFO: Data received from DB
DEBUG: Checking existence entity (user_id) in the DB
INFO: Entity (user_id) exist
DEBUG: Checking existence entity (author_id) in the DB
INFO: Entity (author_id) exist
DEBUG: Output response: "{\"author_id\":152,\"user_id\":59,\"author_info\":\"lily\"}"
